AnalyzeSimulationOnly=F
EyeSeparation=0
a_eq_e=t
boost=F
brightness0=0.5
brightness1=0.3
brightness2=1000
camera_x=24000.
camera_y=54000.
camera_z=24000.
color_asinh0=F
color_asinh1=F
color_fac0=1
color_fac1=1
color_is_vector0=FALSE
color_is_vector1=FALSE
color_is_vector2=FALSE
color_label0=U
color_label1=AGE
color_label2=BHMD
color_log0=TRUE
color_log1=TRUE
color_max0=6.5
color_max1=-0.5
color_max2=-2
color_min0=2
color_min1=-1.34248
color_min2=-5
color_present0=1
color_present1=16
color_present2=32
colorbar=TRUE
datadir=
fidx=96
fov=60
<<<<<<< HEAD
gray_absorption=0.0001
=======
gray_absorption=0.1
>>>>>>> 5d10592802d1d8822606714a67cf614ae8d30d9a
host_load=30
hubble=0.704
infile=snap_
intensity_label0=XXXX
intensity_label1=XXXX
intensity_label2=XXXX
intensity_log0=F
intensity_log1=F
intensity_max0=1
intensity_max1=1
intensity_min0=0
intensity_min1=0
intensity_present0=0
intensity_present1=0
intensity_present2=0
interpolation_mode=0
lambda=0.728
lookat_x=24000.
lookat_y=24000.
lookat_z=24000.
minrad_pix=1
numfiles=16
omega=0.272
outfile=frame_
palette0=./palettes/OldSplotch.pal
palette1=./palettes/OldSplotch.pal
palette2=./palettes/OldSplotch.pal
panorama=F
periodic=T
pic_brighness=-0.0002
pic_contrast=1.5
pic_gamma=1.6
pictype=0
ptype0=0
ptype1=4
ptypes=2
<<<<<<< HEAD
readparallel=4
=======
readparallel=1
>>>>>>> 5d10592802d1d8822606714a67cf614ae8d30d9a
scene_file=
simtype=2
size_fac0=0.5
size_fac1=0.5
size_fac2=0.3
size_fix0=0
size_fix1=1
size_fix2=0.
size_label0=HSML
size_label1=HSMS
size_label2=ACRB
size_present0=1
size_present1=16
size_present2=32
sky_x=0
sky_y=0
sky_z=1
snapdir=/home/abinit/ckl/splotch-6.0/splotch_data/large/snapdir_
snapshot_base1=96
snapshot_base2=97
snapshot_spacing=1
sort_type=1
swap_endian=F
time=0.6801823040103018
use_host_as_thread=t
xres=8192
yres=8192
