This file contains any messages produced by compilers while
running configure, to aid debugging if configure makes a mistake.

It was created by mpiio configure 1.0, which was
generated by GNU Autoconf 2.59.  Invocation command line was

  $ ./configure re build_alias=re host_alias=re target_alias=re --no-create --no-recursion

## --------- ##
## Platform. ##
## --------- ##

hostname = Georgia
uname -m = x86_64
uname -r = 2.6.32-573.22.1.el6.x86_64
uname -s = Linux
uname -v = #1 SMP Wed Mar 23 03:35:39 UTC 2016

/usr/bin/uname -p = unknown
/bin/uname -X     = unknown

/bin/arch              = x86_64
/usr/bin/arch -k       = unknown
/usr/convex/getsysinfo = unknown
hostinfo               = unknown
/bin/machine           = unknown
/usr/bin/oslevel       = unknown
/bin/universe          = unknown

PATH: /opt/intel/advisor_xe_2016.1.10.435553/bin64
PATH: /opt/intel/vtune_amplifier_xe_2016.1.1.434111/bin64
PATH: /opt/intel/inspector_xe_2016.1.1.435552/bin64
PATH: /opt/intel//itac/9.1.2.024/intel64/bin
PATH: /opt/intel//itac/9.1.2.024/intel64/bin
PATH: /opt/intel//clck/3.1.0.003/bin/intel64
PATH: /opt/intel/compilers_and_libraries_2016.1.150/linux/bin/intel64
PATH: /opt/intel/compilers_and_libraries_2016.1.150/linux/mpi/intel64/bin
PATH: /opt/intel/debugger_2016/gdb/intel64_mic/bin
PATH: /usr/lib64/qt-3.3/bin
PATH: /home/intel//impi/5.0.3.049/intel64/bin
PATH: /usr/local/bin
PATH: /bin
PATH: /usr/bin
PATH: /usr/local/sbin
PATH: /usr/sbin
PATH: /sbin
PATH: /opt/ibutils/bin
PATH: /usr/local/cuda/bin
PATH: /home/abinit/fang/distro/install/bin
PATH: /opt/intel/bin
PATH: /home/abinit/bin


## ----------- ##
## Core tests. ##
## ----------- ##

configure:1373: checking for a BSD-compatible install
configure:1428: result: /usr/bin/install -c
configure:1439: checking whether build environment is sane
configure:1482: result: yes
configure:1547: checking for gawk
configure:1563: found /bin/gawk
configure:1573: result: gawk
configure:1583: checking whether make sets $(MAKE)
configure:1603: result: yes
configure:1784: checking for re-gcc
configure:1813: result: no
configure:1822: checking for gcc
configure:1838: found /usr/local/bin/gcc
configure:1848: result: gcc
configure:2092: checking for C compiler version
configure:2095: gcc --version </dev/null >&5
gcc (GCC) 5.1.0
Copyright (C) 2015 Free Software Foundation, Inc.
This is free software; see the source for copying conditions.  There is NO
warranty; not even for MERCHANTABILITY or FITNESS FOR A PARTICULAR PURPOSE.

configure:2098: $? = 0
configure:2100: gcc -v </dev/null >&5
Using built-in specs.
COLLECT_GCC=gcc
COLLECT_LTO_WRAPPER=/usr/local/libexec/gcc/x86_64-unknown-linux-gnu/5.1.0/lto-wrapper
Target: x86_64-unknown-linux-gnu
Configured with: ./configure --enable-languages=c,c++,fortran --disable-multilib
Thread model: posix
gcc version 5.1.0 (GCC) 
configure:2103: $? = 0
configure:2105: gcc -V </dev/null >&5
gcc: error: unrecognized command line option '-V'
gcc: fatal error: no input files
compilation terminated.
configure:2108: $? = 1
configure:2131: checking for C compiler default output file name
configure:2134: gcc    conftest.c  >&5
configure:2137: $? = 0
configure:2183: result: a.out
configure:2188: checking whether the C compiler works
configure:2194: ./a.out
configure:2197: $? = 0
configure:2214: result: yes
configure:2221: checking whether we are cross compiling
configure:2223: result: no
configure:2226: checking for suffix of executables
configure:2228: gcc -o conftest    conftest.c  >&5
configure:2231: $? = 0
configure:2256: result: 
configure:2262: checking for suffix of object files
configure:2283: gcc -c   conftest.c >&5
configure:2286: $? = 0
configure:2308: result: o
configure:2312: checking whether we are using the GNU C compiler
configure:2336: gcc -c   conftest.c >&5
configure:2342: $? = 0
configure:2346: test -z 
			 || test ! -s conftest.err
configure:2349: $? = 0
configure:2352: test -s conftest.o
configure:2355: $? = 0
configure:2368: result: yes
configure:2374: checking whether gcc accepts -g
configure:2395: gcc -c -g  conftest.c >&5
configure:2401: $? = 0
configure:2405: test -z 
			 || test ! -s conftest.err
configure:2408: $? = 0
configure:2411: test -s conftest.o
configure:2414: $? = 0
configure:2425: result: yes
configure:2442: checking for gcc option to accept ANSI C
configure:2512: gcc  -c -g -O2  conftest.c >&5
configure:2518: $? = 0
configure:2522: test -z 
			 || test ! -s conftest.err
configure:2525: $? = 0
configure:2528: test -s conftest.o
configure:2531: $? = 0
configure:2549: result: none needed
configure:2567: gcc -c -g -O2  conftest.c >&5
conftest.c:2:3: error: unknown type name 'choke'
   choke me
   ^
conftest.c:2:3: error: expected '=', ',', ';', 'asm' or '__attribute__' at end of input
configure:2573: $? = 1
configure: failed program was:
| #ifndef __cplusplus
|   choke me
| #endif
configure:2717: checking for style of include used by make
configure:2745: result: GNU
configure:2773: checking dependency style of gcc
configure:2863: result: gcc3
configure:2930: checking for mpicc
configure:2946: found /opt/intel/compilers_and_libraries_2016.1.150/linux/mpi/intel64/bin/mpicc
configure:2956: result: mpicc
configure:2991: checking for mpic++
configure:3020: result: no
configure:2991: checking for mpicxx
configure:3007: found /opt/intel/compilers_and_libraries_2016.1.150/linux/mpi/intel64/bin/mpicxx
configure:3017: result: mpicxx
configure:3052: checking for mpif77
configure:3068: found /opt/intel/compilers_and_libraries_2016.1.150/linux/mpi/intel64/bin/mpif77
configure:3078: result: mpif77
configure:3113: checking for mpif90
configure:3129: found /opt/intel/compilers_and_libraries_2016.1.150/linux/mpi/intel64/bin/mpif90
configure:3139: result: mpif90
configure:3180: checking for re-ranlib
configure:3209: result: no
configure:3218: checking for ranlib
configure:3234: found /usr/bin/ranlib
configure:3245: result: ranlib
configure:3261: checking for main in -lm
configure:3285: mpicc -o conftest -g -O2   conftest.c -lm   >&5
configure:3291: $? = 0
configure:3295: test -z 
			 || test ! -s conftest.err
configure:3298: $? = 0
configure:3301: test -s conftest
configure:3304: $? = 0
configure:3317: result: yes
configure:3335: checking how to run the C preprocessor
configure:3370: mpicc -E  conftest.c
configure:3376: $? = 0
configure:3408: mpicc -E  conftest.c
conftest.c:12:28: fatal error: ac_nonexistent.h: No such file or directory
compilation terminated.
configure:3414: $? = 1
configure: failed program was:
| /* confdefs.h.  */
| 
| #define PACKAGE_NAME "mpiio"
| #define PACKAGE_TARNAME "mpiio"
| #define PACKAGE_VERSION "1.0"
| #define PACKAGE_STRING "mpiio 1.0"
| #define PACKAGE_BUGREPORT "g.marras@cineca.it,m.rivi@cineca.it"
| #define PACKAGE "mpiio"
| #define VERSION "1.0"
| #define HAVE_LIBM 1
| /* end confdefs.h.  */
| #include <ac_nonexistent.h>
configure:3453: result: mpicc -E
configure:3477: mpicc -E  conftest.c
configure:3483: $? = 0
configure:3515: mpicc -E  conftest.c
conftest.c:12:28: fatal error: ac_nonexistent.h: No such file or directory
compilation terminated.
configure:3521: $? = 1
configure: failed program was:
| /* confdefs.h.  */
| 
| #define PACKAGE_NAME "mpiio"
| #define PACKAGE_TARNAME "mpiio"
| #define PACKAGE_VERSION "1.0"
| #define PACKAGE_STRING "mpiio 1.0"
| #define PACKAGE_BUGREPORT "g.marras@cineca.it,m.rivi@cineca.it"
| #define PACKAGE "mpiio"
| #define VERSION "1.0"
| #define HAVE_LIBM 1
| /* end confdefs.h.  */
| #include <ac_nonexistent.h>
configure:3565: checking for egrep
configure:3575: result: grep -E
configure:3580: checking for ANSI C header files
configure:3605: mpicc -c -g -O2  conftest.c >&5
configure:3611: $? = 0
configure:3615: test -z 
			 || test ! -s conftest.err
configure:3618: $? = 0
configure:3621: test -s conftest.o
configure:3624: $? = 0
configure:3713: mpicc -o conftest -g -O2   conftest.c -lm  >&5
conftest.c: In function 'main':
conftest.c:29:7: warning: implicit declaration of function 'exit' [-Wimplicit-function-declaration]
       exit(2);
       ^
conftest.c:29:7: warning: incompatible implicit declaration of built-in function 'exit'
conftest.c:29:7: note: include '<stdlib.h>' or provide a declaration of 'exit'
conftest.c:30:3: warning: incompatible implicit declaration of built-in function 'exit'
   exit (0);
   ^
conftest.c:30:3: note: include '<stdlib.h>' or provide a declaration of 'exit'
configure:3716: $? = 0
configure:3718: ./conftest
./conftest: symbol lookup error: /opt/intel/compilers_and_libraries_2016.1.150/linux/mpi/intel64/lib/libmpifort.so.12: undefined symbol: MPI_UNWEIGHTED
configure:3721: $? = 127
configure: program exited with status 127
configure: failed program was:
| /* confdefs.h.  */
| 
| #define PACKAGE_NAME "mpiio"
| #define PACKAGE_TARNAME "mpiio"
| #define PACKAGE_VERSION "1.0"
| #define PACKAGE_STRING "mpiio 1.0"
| #define PACKAGE_BUGREPORT "g.marras@cineca.it,m.rivi@cineca.it"
| #define PACKAGE "mpiio"
| #define VERSION "1.0"
| #define HAVE_LIBM 1
| /* end confdefs.h.  */
| #include <ctype.h>
| #if ((' ' & 0x0FF) == 0x020)
| # define ISLOWER(c) ('a' <= (c) && (c) <= 'z')
| # define TOUPPER(c) (ISLOWER(c) ? 'A' + ((c) - 'a') : (c))
| #else
| # define ISLOWER(c) 		   (('a' <= (c) && (c) <= 'i') 		     || ('j' <= (c) && (c) <= 'r') 		     || ('s' <= (c) && (c) <= 'z'))
| # define TOUPPER(c) (ISLOWER(c) ? ((c) | 0x40) : (c))
| #endif
| 
| #define XOR(e, f) (((e) && !(f)) || (!(e) && (f)))
| int
| main ()
| {
|   int i;
|   for (i = 0; i < 256; i++)
|     if (XOR (islower (i), ISLOWER (i))
| 	|| toupper (i) != TOUPPER (i))
|       exit(2);
|   exit (0);
| }
configure:3736: result: no
configure:3760: checking for sys/types.h
configure:3776: mpicc -c -g -O2  conftest.c >&5
configure:3782: $? = 0
configure:3786: test -z 
			 || test ! -s conftest.err
configure:3789: $? = 0
configure:3792: test -s conftest.o
configure:3795: $? = 0
configure:3806: result: yes
configure:3760: checking for sys/stat.h
configure:3776: mpicc -c -g -O2  conftest.c >&5
configure:3782: $? = 0
configure:3786: test -z 
			 || test ! -s conftest.err
configure:3789: $? = 0
configure:3792: test -s conftest.o
configure:3795: $? = 0
configure:3806: result: yes
configure:3760: checking for stdlib.h
configure:3776: mpicc -c -g -O2  conftest.c >&5
configure:3782: $? = 0
configure:3786: test -z 
			 || test ! -s conftest.err
configure:3789: $? = 0
configure:3792: test -s conftest.o
configure:3795: $? = 0
configure:3806: result: yes
configure:3760: checking for string.h
configure:3776: mpicc -c -g -O2  conftest.c >&5
configure:3782: $? = 0
configure:3786: test -z 
			 || test ! -s conftest.err
configure:3789: $? = 0
configure:3792: test -s conftest.o
configure:3795: $? = 0
configure:3806: result: yes
configure:3760: checking for memory.h
configure:3776: mpicc -c -g -O2  conftest.c >&5
configure:3782: $? = 0
configure:3786: test -z 
			 || test ! -s conftest.err
configure:3789: $? = 0
configure:3792: test -s conftest.o
configure:3795: $? = 0
configure:3806: result: yes
configure:3760: checking for strings.h
configure:3776: mpicc -c -g -O2  conftest.c >&5
configure:3782: $? = 0
configure:3786: test -z 
			 || test ! -s conftest.err
configure:3789: $? = 0
configure:3792: test -s conftest.o
configure:3795: $? = 0
configure:3806: result: yes
configure:3760: checking for inttypes.h
configure:3776: mpicc -c -g -O2  conftest.c >&5
configure:3782: $? = 0
configure:3786: test -z 
			 || test ! -s conftest.err
configure:3789: $? = 0
configure:3792: test -s conftest.o
configure:3795: $? = 0
configure:3806: result: yes
configure:3760: checking for stdint.h
configure:3776: mpicc -c -g -O2  conftest.c >&5
configure:3782: $? = 0
configure:3786: test -z 
			 || test ! -s conftest.err
configure:3789: $? = 0
configure:3792: test -s conftest.o
configure:3795: $? = 0
configure:3806: result: yes
configure:3760: checking for unistd.h
configure:3776: mpicc -c -g -O2  conftest.c >&5
configure:3782: $? = 0
configure:3786: test -z 
			 || test ! -s conftest.err
configure:3789: $? = 0
configure:3792: test -s conftest.o
configure:3795: $? = 0
configure:3806: result: yes
configure:3824: checking for stdlib.h
configure:3829: result: yes
configure:3824: checking for string.h
configure:3829: result: yes
configure:3978: checking for stdlib.h
configure:3983: result: yes
configure:4123: checking for GNU libc compatible malloc
configure:4152: mpicc -o conftest -g -O2   conftest.c -lm  >&5
configure:4155: $? = 0
configure:4157: ./conftest
./conftest: symbol lookup error: /opt/intel/compilers_and_libraries_2016.1.150/linux/mpi/intel64/lib/libmpifort.so.12: undefined symbol: MPI_UNWEIGHTED
configure:4160: $? = 127
configure: program exited with status 127
configure: failed program was:
| /* confdefs.h.  */
| 
| #define PACKAGE_NAME "mpiio"
| #define PACKAGE_TARNAME "mpiio"
| #define PACKAGE_VERSION "1.0"
| #define PACKAGE_STRING "mpiio 1.0"
| #define PACKAGE_BUGREPORT "g.marras@cineca.it,m.rivi@cineca.it"
| #define PACKAGE "mpiio"
| #define VERSION "1.0"
| #define HAVE_LIBM 1
| #define HAVE_SYS_TYPES_H 1
| #define HAVE_SYS_STAT_H 1
| #define HAVE_STDLIB_H 1
| #define HAVE_STRING_H 1
| #define HAVE_MEMORY_H 1
| #define HAVE_STRINGS_H 1
| #define HAVE_INTTYPES_H 1
| #define HAVE_STDINT_H 1
| #define HAVE_UNISTD_H 1
| #define HAVE_STDLIB_H 1
| #define HAVE_STRING_H 1
| #define HAVE_STDLIB_H 1
| /* end confdefs.h.  */
| #if STDC_HEADERS || HAVE_STDLIB_H
| # include <stdlib.h>
| #else
| char *malloc ();
| #endif
| 
| int
| main ()
| {
| exit (malloc (0) ? 0 : 1);
|   ;
|   return 0;
| }
configure:4174: result: no
configure:4327: creating ./config.status

## ---------------- ##
## Cache variables. ##
## ---------------- ##

ac_cv_c_compiler_gnu=yes
ac_cv_env_CC_set=
ac_cv_env_CC_value=
ac_cv_env_CFLAGS_set=
ac_cv_env_CFLAGS_value=
ac_cv_env_CPPFLAGS_set=
ac_cv_env_CPPFLAGS_value=
ac_cv_env_CPP_set=
ac_cv_env_CPP_value=
ac_cv_env_LDFLAGS_set=
ac_cv_env_LDFLAGS_value=
ac_cv_env_MPICC_set=
ac_cv_env_MPICC_value=
ac_cv_env_MPICXX_set=
ac_cv_env_MPICXX_value=
ac_cv_env_MPIF77_set=
ac_cv_env_MPIF77_value=
ac_cv_env_MPIFC_set=
ac_cv_env_MPIFC_value=
ac_cv_env_build_alias_set=set
ac_cv_env_build_alias_value=re
ac_cv_env_host_alias_set=set
ac_cv_env_host_alias_value=re
ac_cv_env_target_alias_set=set
ac_cv_env_target_alias_value=re
ac_cv_exeext=
ac_cv_func_malloc_0_nonnull=no
ac_cv_header_inttypes_h=yes
ac_cv_header_memory_h=yes
ac_cv_header_stdc=no
ac_cv_header_stdint_h=yes
ac_cv_header_stdlib_h=yes
ac_cv_header_string_h=yes
ac_cv_header_strings_h=yes
ac_cv_header_sys_stat_h=yes
ac_cv_header_sys_types_h=yes
ac_cv_header_unistd_h=yes
ac_cv_lib_m_main=yes
ac_cv_objext=o
ac_cv_path_install='/usr/bin/install -c'
ac_cv_prog_AWK=gawk
ac_cv_prog_CPP='mpicc -E'
ac_cv_prog_MPICC=mpicc
ac_cv_prog_MPICXX=mpicxx
ac_cv_prog_MPIF77=mpif77
ac_cv_prog_MPIFC=mpif90
ac_cv_prog_ac_ct_CC=gcc
ac_cv_prog_ac_ct_RANLIB=ranlib
ac_cv_prog_cc_g=yes
ac_cv_prog_cc_stdc=
ac_cv_prog_egrep='grep -E'
ac_cv_prog_make_make_set=yes
am_cv_CC_dependencies_compiler_type=gcc3

## ----------------- ##
## Output variables. ##
## ----------------- ##

ACLOCAL='${SHELL} /home/abinit/splotch/mpiio-1.0/missing --run aclocal-1.9'
AMDEPBACKSLASH='\'
AMDEP_FALSE='#'
AMDEP_TRUE=''
AMTAR='${SHELL} /home/abinit/splotch/mpiio-1.0/missing --run tar'
AUTOCONF='${SHELL} /home/abinit/splotch/mpiio-1.0/missing --run autoconf'
AUTOHEADER='${SHELL} /home/abinit/splotch/mpiio-1.0/missing --run autoheader'
AUTOMAKE='${SHELL} /home/abinit/splotch/mpiio-1.0/missing --run automake-1.9'
AWK='gawk'
CC='mpicc'
CCDEPMODE='depmode=gcc3'
CFLAGS='-g -O2'
CPP='mpicc -E'
CPPFLAGS=''
CYGPATH_W='echo'
DEBUG_FALSE=''
DEBUG_TRUE='#'
DEFS='-DHAVE_CONFIG_H'
DEPDIR='.deps'
ECHO_C=''
ECHO_N='-n'
ECHO_T=''
EGREP='grep -E'
EXEEXT=''
INSTALL_DATA='${INSTALL} -m 644'
INSTALL_PROGRAM='${INSTALL}'
INSTALL_SCRIPT='${INSTALL}'
INSTALL_STRIP_PROGRAM='${SHELL} $(install_sh) -c -s'
LDFLAGS=''
LIBOBJS=' malloc$U.o'
LIBS='-lm '
LTLIBOBJS=' malloc$U.lo'
MAKEINFO='${SHELL} /home/abinit/splotch/mpiio-1.0/missing --run makeinfo'
MPICC='mpicc'
MPICXX='mpicxx'
MPIF77='mpif77'
MPIFC='mpif90'
OBJEXT='o'
PACKAGE='mpiio'
PACKAGE_BUGREPORT='g.marras@cineca.it,m.rivi@cineca.it'
PACKAGE_NAME='mpiio'
PACKAGE_STRING='mpiio 1.0'
PACKAGE_TARNAME='mpiio'
PACKAGE_VERSION='1.0'
PATH_SEPARATOR=':'
RANLIB='ranlib'
SET_MAKE=''
SHELL='/bin/sh'
STRIP=''
VERSION='1.0'
ac_ct_CC='gcc'
ac_ct_RANLIB='ranlib'
ac_ct_STRIP=''
am__fastdepCC_FALSE='#'
am__fastdepCC_TRUE=''
am__include='include'
am__leading_dot='.'
am__quote=''
am__tar='${AMTAR} chof - "$$tardir"'
am__untar='${AMTAR} xf -'
bindir='${exec_prefix}/bin'
build_alias='re'
datadir='${prefix}/share'
exec_prefix='${prefix}'
host_alias='re'
includedir='${prefix}/include'
infodir='${prefix}/info'
install_sh='/home/abinit/splotch/mpiio-1.0/install-sh'
libdir='${exec_prefix}/lib'
libexecdir='${exec_prefix}/libexec'
localstatedir='${prefix}/var'
mandir='${prefix}/man'
mkdir_p='mkdir -p --'
oldincludedir='/usr/include'
prefix='/usr/local'
program_transform_name='s,x,x,'
pwd='/home/abinit/splotch/mpiio-1.0'
sbindir='${exec_prefix}/sbin'
sharedstatedir='${prefix}/com'
sysconfdir='${prefix}/etc'
target_alias='re'

## ----------- ##
## confdefs.h. ##
## ----------- ##

#define HAVE_INTTYPES_H 1
#define HAVE_LIBM 1
#define HAVE_MALLOC 0
#define HAVE_MEMORY_H 1
#define HAVE_STDINT_H 1
#define HAVE_STDLIB_H 1
#define HAVE_STDLIB_H 1
#define HAVE_STDLIB_H 1
#define HAVE_STRINGS_H 1
#define HAVE_STRING_H 1
#define HAVE_STRING_H 1
#define HAVE_SYS_STAT_H 1
#define HAVE_SYS_TYPES_H 1
#define HAVE_UNISTD_H 1
#define PACKAGE "mpiio"
#define PACKAGE_BUGREPORT "g.marras@cineca.it,m.rivi@cineca.it"
#define PACKAGE_NAME "mpiio"
#define PACKAGE_STRING "mpiio 1.0"
#define PACKAGE_TARNAME "mpiio"
#define PACKAGE_VERSION "1.0"
#define VERSION "1.0"
#define malloc rpl_malloc

configure: exit 0

## ---------------------- ##
## Running config.status. ##
## ---------------------- ##

This file was extended by mpiio config.status 1.0, which was
generated by GNU Autoconf 2.59.  Invocation command line was

  CONFIG_FILES    = 
  CONFIG_HEADERS  = 
  CONFIG_LINKS    = 
  CONFIG_COMMANDS = 
  $ ./config.status 

on Georgia

config.status:700: creating Makefile
config.status:700: creating src/Makefile
config.status:700: creating man/Makefile
config.status:804: creating config.h
config.status:920: config.h is unchanged
config.status:1100: executing depfiles commands

## ---------------------- ##
## Running config.status. ##
## ---------------------- ##

This file was extended by mpiio config.status 1.0, which was
generated by GNU Autoconf 2.59.  Invocation command line was

  CONFIG_FILES    = 
  CONFIG_HEADERS  = 
  CONFIG_LINKS    = 
  CONFIG_COMMANDS = 
  $ ./config.status config.h

on Georgia

config.status:804: creating config.h
config.status:920: config.h is unchanged
